Running: /mnt/n7fs/install/xilinx_14.7/ISE/bin/lin64/unwrapped/fuse -intstyle ise -incremental -o bin -prj ise.prj -top test_er_1octet 
ISim P.20131013 (signature 0xfbc00daa)
Number of CPUs detected in this system: 4
Turning on mult-threading, number of parallel sub-compilation jobs: 8 
Determining compilation order of HDL files
Parsing VHDL file "er_1octet.vhd" into library work
Parsing VHDL file "test_er_1octet_simple.vhd" into library work
Starting static elaboration
Completed static elaboration
Fuse Memory Usage: 83312 KB
Fuse CPU Usage: 950 ms
Compiling package standard
Compiling package std_logic_1164
Compiling architecture behavioral_3 of entity er_1octet [er_1octet_default]
Compiling architecture behavior of entity test_er_1octet
Time Resolution for simulation is 1ps.
Waiting for 1 sub-compilation(s) to finish...
Compiled 5 VHDL Units
Built simulation executable bin
Fuse Memory Usage: 649096 KB
Fuse CPU Usage: 1000 ms
GCC CPU Usage: 550 ms
